{
  "RSpec": {
    "coverage": {
      "/Users/Adam/Documents/workspace/CIS597/Census/US-Census/app/helpers/application_helper.rb": [
        1,
        null
      ],
      "/Users/Adam/Documents/workspace/CIS597/Census/US-Census/app/helpers/data_helper.rb": [
        1,
        null
      ],
      "/Users/Adam/Documents/workspace/CIS597/Census/US-Census/app/helpers/main_helper.rb": [
        1,
        null
      ],
      "/Users/Adam/Documents/workspace/CIS597/Census/US-Census/app/controllers/main_controller.rb": [
        null,
        null,
        null,
        null,
        null,
        1,
        1,
        null,
        null,
        null,
        null,
        null,
        null,
        null,
        null,
        1,
        1,
        null,
        null,
        1,
        null,
        1,
        1,
        1,
        1,
        null,
        1,
        1,
        null,
        null,
        1,
        31,
        1,
        1,
        1,
        null,
        0,
        null,
        1,
        1,
        53,
        53,
        53,
        52,
        null,
        null,
        1,
        1,
        1,
        null,
        30,
        null,
        null,
        null,
        1,
        3,
        3,
        4,
        0,
        null,
        4,
        4,
        1,
        52,
        null,
        null,
        3,
        null,
        null,
        3,
        null,
        null,
        1,
        null,
        null,
        0,
        0,
        null,
        0,
        null,
        null,
        1,
        7,
        1,
        0,
        null,
        1,
        null,
        6,
        1,
        1,
        1,
        3,
        3,
        2,
        104,
        null,
        null,
        1,
        null,
        null,
        1,
        5,
        1,
        1,
        1,
        0,
        null,
        1,
        1,
        0,
        0,
        null,
        null,
        1,
        null,
        null,
        1,
        4,
        1,
        0,
        null,
        1,
        null,
        1,
        1,
        1,
        3,
        3,
        2,
        104,
        null,
        null,
        1,
        null,
        null,
        1,
        null,
        3,
        null,
        1,
        0,
        null,
        1,
        null,
        1,
        1,
        1,
        0,
        null,
        1,
        1,
        0,
        0,
        null,
        null,
        1,
        null,
        null,
        1,
        null,
        2,
        1,
        1,
        1,
        1,
        0,
        null,
        1,
        3,
        3,
        2,
        104,
        null,
        null,
        1,
        null,
        null,
        null,
        1,
        1,
        1,
        0,
        null,
        1,
        null,
        1,
        1,
        1,
        1,
        0,
        null,
        1,
        3,
        3,
        2,
        104,
        null,
        null,
        1,
        null,
        null,
        null,
        1,
        null,
        null,
        null,
        1,
        null,
        null,
        null,
        null,
        null,
        0,
        0,
        null,
        0,
        null,
        null,
        1,
        37,
        37,
        1924,
        1924,
        null,
        37,
        null,
        1,
        18,
        18,
        936,
        null,
        18,
        null,
        1,
        4,
        4,
        1662,
        1662,
        4,
        4,
        null,
        null,
        null,
        4,
        4,
        null,
        null,
        null,
        1,
        3,
        3,
        3,
        22744,
        22738,
        3,
        3,
        null,
        null,
        null,
        3,
        23395,
        23389,
        3,
        3,
        null,
        null,
        null,
        3,
        3,
        3,
        3,
        3,
        156,
        null,
        3,
        null,
        null,
        null,
        1,
        1,
        1,
        1115,
        1115,
        1,
        1,
        null,
        null,
        null,
        1,
        1,
        null,
        null,
        null,
        1,
        2,
        2,
        14160,
        14156,
        2,
        2,
        null,
        null,
        null,
        2,
        2,
        1,
        null,
        1,
        1,
        1,
        7082,
        7080,
        1,
        1,
        null,
        null,
        null,
        1,
        1,
        1,
        1,
        52,
        null,
        null,
        1,
        null,
        null,
        null,
        null,
        1,
        3,
        3,
        3,
        1241,
        1241,
        3,
        3,
        null,
        null,
        null,
        3,
        1241,
        1241,
        3,
        3,
        null,
        null,
        null,
        3,
        3,
        3,
        3,
        3,
        156,
        null,
        3,
        null,
        null,
        null,
        1,
        2,
        2,
        2232,
        2232,
        2,
        2,
        null,
        null,
        null,
        2,
        2,
        1,
        null,
        1,
        1,
        1,
        1115,
        1115,
        1,
        1,
        null,
        null,
        null,
        1,
        1,
        1,
        1,
        52,
        null,
        null,
        1,
        null,
        null,
        null,
        null,
        1,
        3,
        3,
        22744,
        22738,
        3,
        3,
        null,
        null,
        null,
        3,
        3,
        null,
        null,
        null,
        null
      ],
      "/Users/Adam/Documents/workspace/CIS597/Census/US-Census/app/controllers/application_controller.rb": [
        1,
        null,
        null,
        1,
        null
      ],
      "/Users/Adam/Documents/workspace/CIS597/Census/US-Census/app/models/datum.rb": [
        1,
        1,
        1,
        null
      ]
    },
    "timestamp": 1418262625
  }
}
